<?xml version="1.0" encoding="UTF-8"?>
<!-- Generated by org.testng.reporters.JUnitReportReporter -->
<testsuite hostname="VDQADEV01-NNDUU" name="org.room.manager.tests.tablet.search.SearchByName" tests="1" failures="0" timestamp="17 Jun 2015 16:34:58 GMT" time="13.095" errors="0">
  <testcase name="SearchRoomByName" time="13.095" classname="org.room.manager.tests.tablet.search.SearchByName"/>
</testsuite> <!-- org.room.manager.tests.tablet.search.SearchByName -->
