<?xml version="1.0" encoding="UTF-8"?>
<!-- Generated by org.testng.reporters.JUnitReportReporter -->
<testsuite hostname="VDQADEV01-NNDUU" name="org.room.manager.tests.admin.emailserver.RemoveEmailServerToRoomManager$AddEmailServerToRoomManager" tests="1" failures="0" timestamp="22 Jun 2015 17:01:52 GMT" time="9.079" errors="0">
  <testcase name="removeEmailService" time="9.079" classname="org.room.manager.tests.admin.emailserver.RemoveEmailServerToRoomManager$AddEmailServerToRoomManager"/>
</testsuite> <!-- org.room.manager.tests.admin.emailserver.RemoveEmailServerToRoomManager$AddEmailServerToRoomManager -->
