<?xml version="1.0" encoding="UTF-8"?>
<!-- Generated by org.testng.reporters.JUnitReportReporter -->
<testsuite hostname="VDQADEV01-NNDUU" name="org.room.manager.tests.admin.resources.VerifyUpdateResource" tests="1" failures="0" timestamp="24 Jun 2015 13:11:40 GMT" time="9.675" errors="0">
  <testcase name="UpdateResource" time="9.675" classname="org.room.manager.tests.admin.resources.VerifyUpdateResource"/>
</testsuite> <!-- org.room.manager.tests.admin.resources.VerifyUpdateResource -->
