<?xml version="1.0" encoding="UTF-8"?>
<!-- Generated by org.testng.reporters.JUnitReportReporter -->
<testsuite hostname="VDQADEV01-NNDUU" name="org.room.manager.tests.admin.resources.CreateResourceTest" tests="1" failures="0" timestamp="17 Jun 2015 22:59:02 GMT" time="8.041" errors="0">
  <testcase name="CreateResource" time="8.041" classname="org.room.manager.tests.admin.resources.CreateResourceTest"/>
</testsuite> <!-- org.room.manager.tests.admin.resources.CreateResourceTest -->
