<?xml version="1.0" encoding="UTF-8"?>
<!-- Generated by org.testng.reporters.JUnitReportReporter -->
<testsuite hostname="VDQADEV01-NNDUU" name="org.room.manager.tests.admin.resources.CreateResourceTest" tests="1" failures="0" timestamp="15 Jun 2015 14:49:30 GMT" time="4.721" errors="0">
  <testcase name="CreateResource" time="4.721" classname="org.room.manager.tests.admin.resources.CreateResourceTest"/>
</testsuite> <!-- org.room.manager.tests.admin.resources.CreateResourceTest -->
