<?xml version="1.0" encoding="UTF-8"?>
<!-- Generated by org.testng.reporters.JUnitReportReporter -->
<testsuite hostname="VDQADEV01-NNDUU" name="org.room.manager.tests.admin.emailserver.AddEmailServerToRoomManager" tests="1" failures="0" timestamp="22 Jun 2015 17:01:52 GMT" time="29.448" errors="0">
  <testcase name="registerEmailService" time="29.448" classname="org.room.manager.tests.admin.emailserver.AddEmailServerToRoomManager"/>
</testsuite> <!-- org.room.manager.tests.admin.emailserver.AddEmailServerToRoomManager -->
