<?xml version="1.0" encoding="UTF-8"?>
<!-- Generated by org.testng.reporters.JUnitReportReporter -->
<testsuite hostname="VDQADEV01-NNDUU" name="org.room.manager.tests.admin.emailserver.AddEmailServerToRoomManager" tests="1" failures="0" timestamp="15 Jun 2015 19:52:23 GMT" time="17.930" errors="0">
  <testcase name="registerEmailService" time="17.930" classname="org.room.manager.tests.admin.emailserver.AddEmailServerToRoomManager"/>
</testsuite> <!-- org.room.manager.tests.admin.emailserver.AddEmailServerToRoomManager -->
