<?xml version="1.0" encoding="UTF-8"?>
<!-- Generated by org.testng.reporters.JUnitReportReporter -->
<testsuite hostname="VDQADEV01-NNDUU" name="org.room.manager.tests.admin.resources.VerifyUpdateResource" tests="1" failures="0" timestamp="17 Jun 2015 22:59:02 GMT" time="3.828" errors="0">
  <testcase name="UpdateResource" time="3.828" classname="org.room.manager.tests.admin.resources.VerifyUpdateResource"/>
</testsuite> <!-- org.room.manager.tests.admin.resources.VerifyUpdateResource -->
