<?xml version="1.0" encoding="UTF-8"?>
<!-- Generated by org.testng.reporters.JUnitReportReporter -->
<testsuite hostname="VDQADEV01-NNDUU" name="org.room.manager.tests.admin.resources.CreateResourceTest" tests="1" failures="0" timestamp="16 Jun 2015 23:37:27 GMT" time="7.901" errors="0">
  <testcase name="CreateResource" time="7.901" classname="org.room.manager.tests.admin.resources.CreateResourceTest"/>
</testsuite> <!-- org.room.manager.tests.admin.resources.CreateResourceTest -->
