<?xml version="1.0" encoding="UTF-8"?>
<!-- Generated by org.testng.reporters.JUnitReportReporter -->
<testsuite hostname="VDQADEV01-NNDUU" name="org.room.manager.tests.admin.resources.VerifyDeleteResource" tests="1" failures="0" timestamp="17 Jun 2015 22:59:02 GMT" time="45.492" errors="0">
  <testcase name="UpdateResource" time="45.492" classname="org.room.manager.tests.admin.resources.VerifyDeleteResource"/>
</testsuite> <!-- org.room.manager.tests.admin.resources.VerifyDeleteResource -->
