<?xml version="1.0" encoding="UTF-8"?>
<!-- Generated by org.testng.reporters.JUnitReportReporter -->
<testsuite hostname="VDQADEV01-NNDUU" name="org.room.manager.tests.admin.emailserver.AddEmailServerToRoomManager" tests="1" failures="0" timestamp="11 Jun 2015 21:55:27 GMT" time="12.518" errors="0">
  <testcase name="registerEmailService" time="12.518" classname="org.room.manager.tests.admin.emailserver.AddEmailServerToRoomManager"/>
</testsuite> <!-- org.room.manager.tests.admin.emailserver.AddEmailServerToRoomManager -->
