<?xml version="1.0" encoding="UTF-8"?>
<!-- Generated by org.testng.reporters.JUnitReportReporter -->
<testsuite hostname="VDQADEV01-NNDUU" name="org.room.manager.tests.admin.resources.CreateResourceTest" tests="1" failures="0" timestamp="19 Jun 2015 22:44:14 GMT" time="11.862" errors="0">
  <testcase name="CreateResource" time="11.862" classname="org.room.manager.tests.admin.resources.CreateResourceTest"/>
</testsuite> <!-- org.room.manager.tests.admin.resources.CreateResourceTest -->
