<?xml version="1.0" encoding="UTF-8"?>
<!-- Generated by org.testng.reporters.JUnitReportReporter -->
<testsuite hostname="VDQADEV01-NNDUU" name="org.room.manager.tests.admin.resources.VerifyUpdateResource" tests="1" failures="0" timestamp="19 Jun 2015 22:15:06 GMT" time="5.465" errors="0">
  <testcase name="UpdateResource" time="5.465" classname="org.room.manager.tests.admin.resources.VerifyUpdateResource"/>
</testsuite> <!-- org.room.manager.tests.admin.resources.VerifyUpdateResource -->
