<?xml version="1.0" encoding="UTF-8"?>
<!-- Generated by org.testng.reporters.JUnitReportReporter -->
<testsuite hostname="VDQADEV01-NNDUU" name="org.room.manager.tests.admin.emailserver.AddEmailServerToRoomManager" tests="1" failures="0" timestamp="11 Jun 2015 20:42:43 GMT" time="13.185" errors="0">
  <testcase name="registerEmailService" time="13.185" classname="org.room.manager.tests.admin.emailserver.AddEmailServerToRoomManager"/>
</testsuite> <!-- org.room.manager.tests.admin.emailserver.AddEmailServerToRoomManager -->
